Found the following actor profile(s): Plop.
Extracting messages...
Handling the actor profile Plop...
Found the following actor profile(s): Plop.
Extracting messages...
Handling the actor profile Plop...
	This is also a behavior profile.
Generating QuasiBehaviors...
Generating the skeleton...
Generating messages...
Found the following actor profile(s): Tourisk.
Extracting messages...
Handling the actor profile Tourisk...
	This is also a behavior profile.
Generating QuasiBehaviors...
Generating the skeleton...
Found the following actor profile(s): Tourisk.
Extracting messages...
Handling the actor profile Tourisk...
	This is also a behavior profile.
Generating QuasiBehaviors...
Generating the skeleton...
Generating messages...
Found the following actor profile(s): Recherche.
Extracting messages...
Handling the actor profile Recherche...
Found the following actor profile(s): Recherche.
Extracting messages...
Handling the actor profile Recherche...
	This is also a behavior profile.
Generating QuasiBehaviors...
Generating the skeleton...
Found the following actor profile(s): MobileChat.
Extracting messages...
Handling the actor profile MobileChat...
	This is also a behavior profile.
Generating QuasiBehaviors...
Generating the skeleton...
Generating messages...
Found the following actor profile(s): ChatAgent.
Extracting messages...
Handling the actor profile ChatAgent...
	This is also a behavior profile.
Generating QuasiBehaviors...
Generating the skeleton...
Generating messages...
Found no actor profile.
Found the following actor profile(s): Hello.
Extracting messages...
Handling the actor profile Hello...
	This is also a behavior profile.
Generating QuasiBehaviors...
Generating the skeleton...
Generating messages...
Found the following actor profile(s): Hello.
Extracting messages...
Handling the actor profile Hello...
	This is also a behavior profile.
Generating QuasiBehaviors...
Generating the skeleton...
Generating messages...
