Found the following actor profile(s): Test.
Extracting messages...
Handling the actor profile Test...
	This is also a behavior profile.
Generating QuasiBehaviors...
Generating the skeleton...
Generating messages...
Found the following actor profile(s): Test.
Extracting messages...
Handling the actor profile Test...
	This is also a behavior profile.
Generating QuasiBehaviors...
Generating the skeleton...
Generating messages...
Found the following actor profile(s): Test.
Extracting messages...
Handling the actor profile Test...
	This is also a behavior profile.
Generating QuasiBehaviors...
Generating the skeleton...
Generating messages...
Found the following actor profile(s): Test.
Extracting messages...
Handling the actor profile Test...
	This is also a behavior profile.
Generating QuasiBehaviors...
Generating the skeleton...
Generating messages...
Found the following actor profile(s): Test.
Extracting messages...
Handling the actor profile Test...
	This is also a behavior profile.
Generating QuasiBehaviors...
Generating the skeleton...
Generating messages...
Found the following actor profile(s): Test.
Extracting messages...
Handling the actor profile Test...
	This is also a behavior profile.
Generating QuasiBehaviors...
Generating the skeleton...
Generating messages...
Found the following actor profile(s): Test.
Extracting messages...
Handling the actor profile Test...
Found the following actor profile(s): Test.
Extracting messages...
Handling the actor profile Test...
Found the following actor profile(s): Test.
Extracting messages...
Handling the actor profile Test...
	This is also a behavior profile.
Generating QuasiBehaviors...
Generating the skeleton...
Generating messages...
Found the following actor profile(s): AgentTourisk.
Extracting messages...
Found the following actor profile(s): AgentTourisk.
Extracting messages...
Found the following actor profile(s): AgentTourisk.
Extracting messages...
Handling the actor profile AgentTourisk...
	Found behavior profile Recherche
	Found behavior profile Superviseur
	Found behavior profile Afficheur
Generating QuasiBehaviors...
Generating the skeleton...
Generating messages...
Found the following actor profile(s): AgentTourisk.
Extracting messages...
Handling the actor profile AgentTourisk...
	Found behavior profile Recherche
	Found behavior profile Superviseur
	Found behavior profile Afficheur
Generating QuasiBehaviors...
Generating the skeleton...
Generating messages...
