Found no actor profile.
Found the following actor profile(s): toto.
Extracting messages...
Handling the actor profile toto...
	This is also a behavior profile.
Generating QuasiBehaviors...
Generating the skeleton...
Found the following actor profile(s): toto.
Extracting messages...
Handling the actor profile toto...
	This is also a behavior profile.
Generating QuasiBehaviors...
Generating the skeleton...
Generating messages...
Found the following actor profile(s): toto.
Extracting messages...
Handling the actor profile toto...
	This is also a behavior profile.
Generating QuasiBehaviors...
Generating the skeleton...
Generating messages...
Found the following actor profile(s): toto.
Extracting messages...
Handling the actor profile toto...
	This is also a behavior profile.
Generating QuasiBehaviors...
Generating the skeleton...
Generating messages...
Found the following actor profile(s): AgentTourisk.
Extracting messages...
Handling the actor profile AgentTourisk...
	Found behavior profile Recherche
	Found behavior profile Superviseur
	Found behavior profile Afficheur
Found the following actor profile(s): AgentTourisk.
Extracting messages...
Handling the actor profile AgentTourisk...
	Found behavior profile Recherche
	Found behavior profile Superviseur
	Found behavior profile Afficheur
Found the following actor profile(s): AgentTourisk.
Extracting messages...
Handling the actor profile AgentTourisk...
	Found behavior profile Recherche
	Found behavior profile Superviseur
	Found behavior profile Afficheur
Found the following actor profile(s): AgentTourisk.
Extracting messages...
Handling the actor profile AgentTourisk...
	Found behavior profile Recherche
	Found behavior profile Superviseur
	Found behavior profile Afficheur
Found the following actor profile(s): AgentTourisk.
Extracting messages...
Handling the actor profile AgentTourisk...
	Found behavior profile Recherche
	Found behavior profile Superviseur
	Found behavior profile Afficheur
Found the following actor profile(s): AgentTourisk.
Extracting messages...
Handling the actor profile AgentTourisk...
	Found behavior profile Recherche
	Found behavior profile Superviseur
	Found behavior profile Afficheur
Found the following actor profile(s): AgentTourisk.
Extracting messages...
Handling the actor profile AgentTourisk...
	Found behavior profile Recherche
	Found behavior profile Superviseur
	Found behavior profile Afficheur
Found the following actor profile(s): AgentTourisk.
Extracting messages...
Handling the actor profile AgentTourisk...
Found the following actor profile(s): AgentTourisk.
Extracting messages...
Handling the actor profile AgentTourisk...
Found the following actor profile(s): AgentTourisk.
Extracting messages...
Handling the actor profile AgentTourisk...
Found the following actor profile(s): AgentTourisk.
Extracting messages...
Handling the actor profile AgentTourisk...
Found the following actor profile(s): AgentTourisk.
Extracting messages...
Handling the actor profile AgentTourisk...
Found the following actor profile(s): AgentTourisk.
Extracting messages...
Handling the actor profile AgentTourisk...
	Found behavior profile Recherche
	Found behavior profile Superviseur
	Found behavior profile Afficheur
Generating QuasiBehaviors...
Generating the skeleton...
