Found the following actor profile(s): MobileChat.
Extracting messages...
Handling the actor profile MobileChat...
	This is also a behavior profile.
Generating QuasiBehaviors...
Found the following actor profile(s): MobileChat.
Extracting messages...
Handling the actor profile MobileChat...
	This is also a behavior profile.
Generating QuasiBehaviors...
Generating the skeleton...
Generating messages...
Found the following actor profile(s): AgentTourisk, Tourisk.
Extracting messages...
Handling the actor profile AgentTourisk...
	Found behavior profile Recherche
	Found behavior profile Superviseur
	Found behavior profile Afficheur
Handling the actor profile Tourisk...
	Found behavior profile Recherche
Generating QuasiBehaviors...
Found the following actor profile(s): Tourisk.
Extracting messages...
Handling the actor profile Tourisk...
	Found behavior profile Recherche
Generating QuasiBehaviors...
Generating the skeleton...
Found the following actor profile(s): MobileChat.
Extracting messages...
Handling the actor profile MobileChat...
	This is also a behavior profile.
Generating QuasiBehaviors...
Generating the skeleton...
Generating messages...
